<?xml version="1.0" encoding="UTF-8"?>
<testng-results ignored="0" total="1" passed="0" failed="1" skipped="0">
  <reporter-output>
  </reporter-output>
  <suite started-at="2023-02-16T22:07:58 EST" name="Default suite" finished-at="2023-02-16T22:08:03 EST" duration-ms="5507">
    <groups>
    </groups>
    <test started-at="2023-02-16T22:07:58 EST" name="Default test" finished-at="2023-02-16T22:08:03 EST" duration-ms="5507">
      <class name="Tests.OpenSignUp">
        <test-method is-config="true" signature="config()[pri:0, instance:Tests.OpenSignUp@73700b80]" started-at="2023-02-16T22:07:58 EST" name="config" finished-at="2023-02-16T22:07:58 EST" duration-ms="8" status="PASS">
          <reporter-output>
          </reporter-output>
        </test-method> <!-- config -->
        <test-method is-config="true" signature="setup()[pri:0, instance:Tests.OpenSignUp@73700b80]" started-at="2023-02-16T22:07:58 EST" name="setup" finished-at="2023-02-16T22:08:01 EST" duration-ms="3264" status="PASS">
          <reporter-output>
          </reporter-output>
        </test-method> <!-- setup -->
        <test-method is-config="true" signature="Synchronize()[pri:0, instance:Tests.OpenSignUp@73700b80]" started-at="2023-02-16T22:08:01 EST" name="Synchronize" finished-at="2023-02-16T22:08:01 EST" duration-ms="11" status="PASS">
          <reporter-output>
          </reporter-output>
        </test-method> <!-- Synchronize -->
        <test-method is-config="true" signature="BrowserConfig()[pri:0, instance:Tests.OpenSignUp@73700b80]" started-at="2023-02-16T22:08:01 EST" name="BrowserConfig" finished-at="2023-02-16T22:08:01 EST" duration-ms="123" status="PASS">
          <reporter-output>
          </reporter-output>
        </test-method> <!-- BrowserConfig -->
        <test-method signature="testlogin()[pri:0, instance:Tests.OpenSignUp@73700b80]" started-at="2023-02-16T22:08:01 EST" name="testlogin" finished-at="2023-02-16T22:08:01 EST" duration-ms="56" status="FAIL">
          <exception class="org.openqa.selenium.InvalidSelectorException">
            <message>
              <![CDATA[invalid selector: Unable to locate an element with the xpath expression //*[@id=\"header\"]/div/div/div/div[2]/div/ul/li[4]/a because of the following error:
SyntaxError: Failed to execute 'evaluate' on 'Document': The string '//*[@id=\"header\"]/div/div/div/div[2]/div/ul/li[4]/a' is not a valid XPath expression.
  (Session info: chrome=110.0.5481.104)
For documentation on this error, please visit: https://www.seleniumhq.org/exceptions/invalid_selector_exception.html
Build info: version: '3.141.59', revision: 'e82be7d358', time: '2018-11-14T08:25:48'
System info: host: 'DESKTOP-Q59R3VD', ip: '192.168.12.144', os.name: 'Windows 10', os.arch: 'amd64', os.version: '10.0', java.version: '18.0.2.1'
Driver info: org.openqa.selenium.chrome.ChromeDriver
Capabilities {acceptInsecureCerts: false, browserName: chrome, browserVersion: 110.0.5481.104, chrome: {chromedriverVersion: 110.0.5481.77 (65ed616c6e8e..., userDataDir: C:\Users\jzo_0\AppData\Loca...}, goog:chromeOptions: {debuggerAddress: localhost:62205}, javascriptEnabled: true, networkConnectionEnabled: false, pageLoadStrategy: normal, platform: WINDOWS, platformName: WINDOWS, proxy: Proxy(), setWindowRect: true, strictFileInteractability: false, timeouts: {implicit: 0, pageLoad: 300000, script: 30000}, unhandledPromptBehavior: dismiss and notify, webauthn:extension:credBlob: true, webauthn:extension:largeBlob: true, webauthn:virtualAuthenticators: true}
Session ID: ba065e42d9c57d9c0a21201ad4a6aa60
*** Element info: {Using=xpath, value=//*[@id=\"header\"]/div/div/div/div[2]/div/ul/li[4]/a}]]>
            </message>
            <full-stacktrace>
              <![CDATA[org.openqa.selenium.InvalidSelectorException: invalid selector: Unable to locate an element with the xpath expression //*[@id=\"header\"]/div/div/div/div[2]/div/ul/li[4]/a because of the following error:
SyntaxError: Failed to execute 'evaluate' on 'Document': The string '//*[@id=\"header\"]/div/div/div/div[2]/div/ul/li[4]/a' is not a valid XPath expression.
  (Session info: chrome=110.0.5481.104)
For documentation on this error, please visit: https://www.seleniumhq.org/exceptions/invalid_selector_exception.html
Build info: version: '3.141.59', revision: 'e82be7d358', time: '2018-11-14T08:25:48'
System info: host: 'DESKTOP-Q59R3VD', ip: '192.168.12.144', os.name: 'Windows 10', os.arch: 'amd64', os.version: '10.0', java.version: '18.0.2.1'
Driver info: org.openqa.selenium.chrome.ChromeDriver
Capabilities {acceptInsecureCerts: false, browserName: chrome, browserVersion: 110.0.5481.104, chrome: {chromedriverVersion: 110.0.5481.77 (65ed616c6e8e..., userDataDir: C:\Users\jzo_0\AppData\Loca...}, goog:chromeOptions: {debuggerAddress: localhost:62205}, javascriptEnabled: true, networkConnectionEnabled: false, pageLoadStrategy: normal, platform: WINDOWS, platformName: WINDOWS, proxy: Proxy(), setWindowRect: true, strictFileInteractability: false, timeouts: {implicit: 0, pageLoad: 300000, script: 30000}, unhandledPromptBehavior: dismiss and notify, webauthn:extension:credBlob: true, webauthn:extension:largeBlob: true, webauthn:virtualAuthenticators: true}
Session ID: ba065e42d9c57d9c0a21201ad4a6aa60
*** Element info: {Using=xpath, value=//*[@id=\"header\"]/div/div/div/div[2]/div/ul/li[4]/a}
at java.base/jdk.internal.reflect.DirectConstructorHandleAccessor.newInstance(DirectConstructorHandleAccessor.java:67)
at java.base/java.lang.reflect.Constructor.newInstanceWithCaller(Constructor.java:499)
at java.base/java.lang.reflect.Constructor.newInstance(Constructor.java:483)
at org.openqa.selenium.remote.http.W3CHttpResponseCodec.createException(W3CHttpResponseCodec.java:187)
at org.openqa.selenium.remote.http.W3CHttpResponseCodec.decode(W3CHttpResponseCodec.java:122)
at org.openqa.selenium.remote.http.W3CHttpResponseCodec.decode(W3CHttpResponseCodec.java:49)
at org.openqa.selenium.remote.HttpCommandExecutor.execute(HttpCommandExecutor.java:158)
at org.openqa.selenium.remote.service.DriverCommandExecutor.execute(DriverCommandExecutor.java:83)
at org.openqa.selenium.remote.RemoteWebDriver.execute(RemoteWebDriver.java:552)
at org.openqa.selenium.remote.RemoteWebDriver.findElement(RemoteWebDriver.java:323)
at org.openqa.selenium.remote.RemoteWebDriver.findElementByXPath(RemoteWebDriver.java:428)
at org.openqa.selenium.By$ByXPath.findElement(By.java:353)
at org.openqa.selenium.remote.RemoteWebDriver.findElement(RemoteWebDriver.java:315)
at Pages.SignIn.ClickSignIn(SignIn.java:29)
at Pages.SignIn.fillupformSignIn(SignIn.java:59)
at Tests.OpenSignUp.testlogin(OpenSignUp.java:18)
at java.base/jdk.internal.reflect.DirectMethodHandleAccessor.invoke(DirectMethodHandleAccessor.java:104)
at java.base/java.lang.reflect.Method.invoke(Method.java:577)
at org.testng.internal.MethodInvocationHelper.invokeMethod(MethodInvocationHelper.java:133)
at org.testng.internal.TestInvoker.invokeMethod(TestInvoker.java:598)
at org.testng.internal.TestInvoker.invokeTestMethod(TestInvoker.java:173)
at org.testng.internal.MethodRunner.runInSequence(MethodRunner.java:46)
at org.testng.internal.TestInvoker$MethodInvocationAgent.invoke(TestInvoker.java:824)
at org.testng.internal.TestInvoker.invokeTestMethods(TestInvoker.java:146)
at org.testng.internal.TestMethodWorker.invokeTestMethods(TestMethodWorker.java:146)
at org.testng.internal.TestMethodWorker.run(TestMethodWorker.java:128)
at java.base/java.util.ArrayList.forEach(ArrayList.java:1511)
at org.testng.TestRunner.privateRun(TestRunner.java:794)
at org.testng.TestRunner.run(TestRunner.java:596)
at org.testng.SuiteRunner.runTest(SuiteRunner.java:377)
at org.testng.SuiteRunner.runSequentially(SuiteRunner.java:371)
at org.testng.SuiteRunner.privateRun(SuiteRunner.java:332)
at org.testng.SuiteRunner.run(SuiteRunner.java:276)
at org.testng.SuiteRunnerWorker.runSuite(SuiteRunnerWorker.java:53)
at org.testng.SuiteRunnerWorker.run(SuiteRunnerWorker.java:96)
at org.testng.TestNG.runSuitesSequentially(TestNG.java:1212)
at org.testng.TestNG.runSuitesLocally(TestNG.java:1134)
at org.testng.TestNG.runSuites(TestNG.java:1063)
at org.testng.TestNG.run(TestNG.java:1031)
at org.testng.remote.AbstractRemoteTestNG.run(AbstractRemoteTestNG.java:115)
at org.testng.remote.RemoteTestNG.initAndRun(RemoteTestNG.java:251)
at org.testng.remote.RemoteTestNG.main(RemoteTestNG.java:77)
]]>
            </full-stacktrace>
          </exception> <!-- org.openqa.selenium.InvalidSelectorException -->
          <reporter-output>
          </reporter-output>
        </test-method> <!-- testlogin -->
        <test-method is-config="true" signature="validations()[pri:0, instance:Tests.OpenSignUp@73700b80]" started-at="2023-02-16T22:08:01 EST" name="validations" finished-at="2023-02-16T22:08:01 EST" duration-ms="0" status="PASS">
          <reporter-output>
          </reporter-output>
        </test-method> <!-- validations -->
        <test-method is-config="true" signature="BrowserClosing()[pri:0, instance:Tests.OpenSignUp@73700b80]" started-at="2023-02-16T22:08:01 EST" name="BrowserClosing" finished-at="2023-02-16T22:08:03 EST" duration-ms="2011" status="PASS">
          <reporter-output>
          </reporter-output>
        </test-method> <!-- BrowserClosing -->
        <test-method is-config="true" signature="terminate()[pri:0, instance:Tests.OpenSignUp@73700b80]" started-at="2023-02-16T22:08:03 EST" name="terminate" finished-at="2023-02-16T22:08:03 EST" duration-ms="1" status="PASS">
          <reporter-output>
          </reporter-output>
        </test-method> <!-- terminate -->
      </class> <!-- Tests.OpenSignUp -->
    </test> <!-- Default test -->
  </suite> <!-- Default suite -->
</testng-results>
