<?xml version="1.0" encoding="UTF-8"?>
<testng-results ignored="0" total="2" passed="2" failed="0" skipped="0">
  <reporter-output>
    <line>
      <![CDATA[Test completed successfully.]]>
    </line>
  </reporter-output>
  <suite started-at="2023-03-06T20:47:16 EST" name="Suite - AutomationExercise" finished-at="2023-03-06T20:48:15 EST" duration-ms="59074">
    <groups>
    </groups>
    <test started-at="2023-03-06T20:47:16 EST" name="Sprint1" finished-at="2023-03-06T20:48:15 EST" duration-ms="59074">
      <class name="Tests.OpenSignUp">
        <test-method is-config="true" signature="config()[pri:0, instance:Tests.OpenSignUp@58695725]" started-at="2023-03-06T20:47:16 EST" name="config" finished-at="2023-03-06T20:47:16 EST" duration-ms="18" status="PASS">
          <reporter-output>
          </reporter-output>
        </test-method> <!-- config -->
        <test-method is-config="true" signature="setup()[pri:0, instance:Tests.OpenSignUp@58695725]" started-at="2023-03-06T20:47:16 EST" name="setup" finished-at="2023-03-06T20:47:34 EST" duration-ms="17743" status="PASS">
          <reporter-output>
          </reporter-output>
        </test-method> <!-- setup -->
        <test-method is-config="true" signature="Synchronize()[pri:0, instance:Tests.OpenSignUp@58695725]" started-at="2023-03-06T20:47:34 EST" name="Synchronize" finished-at="2023-03-06T20:47:34 EST" duration-ms="0" status="PASS">
          <reporter-output>
          </reporter-output>
        </test-method> <!-- Synchronize -->
        <test-method is-config="true" signature="BrowserConfig()[pri:0, instance:Tests.OpenSignUp@58695725]" started-at="2023-03-06T20:47:34 EST" name="BrowserConfig" finished-at="2023-03-06T20:47:34 EST" duration-ms="25" status="PASS">
          <reporter-output>
          </reporter-output>
        </test-method> <!-- BrowserConfig -->
        <test-method signature="testlogin()[pri:0, instance:Tests.OpenSignUp@58695725]" started-at="2023-03-06T20:47:34 EST" name="testlogin" finished-at="2023-03-06T20:47:53 EST" duration-ms="19320" status="PASS">
          <reporter-output>
            <line>
              <![CDATA[Test completed successfully.]]>
            </line>
          </reporter-output>
        </test-method> <!-- testlogin -->
        <test-method is-config="true" signature="validations()[pri:0, instance:Tests.OpenSignUp@58695725]" started-at="2023-03-06T20:47:53 EST" name="validations" finished-at="2023-03-06T20:47:53 EST" duration-ms="1" status="PASS">
          <reporter-output>
          </reporter-output>
        </test-method> <!-- validations -->
        <test-method is-config="true" signature="BrowserConfig()[pri:0, instance:Tests.OpenSignUp@58695725]" started-at="2023-03-06T20:47:53 EST" name="BrowserConfig" finished-at="2023-03-06T20:47:53 EST" duration-ms="0" status="PASS">
          <reporter-output>
          </reporter-output>
        </test-method> <!-- BrowserConfig -->
        <test-method signature="testSignUp()[pri:1, instance:Tests.OpenSignUp@58695725]" started-at="2023-03-06T20:47:53 EST" name="testSignUp" finished-at="2023-03-06T20:48:01 EST" duration-ms="7185" status="PASS">
          <reporter-output>
          </reporter-output>
        </test-method> <!-- testSignUp -->
        <test-method is-config="true" signature="validations()[pri:0, instance:Tests.OpenSignUp@58695725]" started-at="2023-03-06T20:48:01 EST" name="validations" finished-at="2023-03-06T20:48:01 EST" duration-ms="1" status="PASS">
          <reporter-output>
          </reporter-output>
        </test-method> <!-- validations -->
        <test-method is-config="true" signature="BrowserClosing()[pri:0, instance:Tests.OpenSignUp@58695725]" started-at="2023-03-06T20:48:01 EST" name="BrowserClosing" finished-at="2023-03-06T20:48:15 EST" duration-ms="14758" status="PASS">
          <reporter-output>
          </reporter-output>
        </test-method> <!-- BrowserClosing -->
        <test-method is-config="true" signature="terminate()[pri:0, instance:Tests.OpenSignUp@58695725]" started-at="2023-03-06T20:48:17 EST" name="terminate" finished-at="2023-03-06T20:48:19 EST" duration-ms="2071" status="PASS">
          <reporter-output>
          </reporter-output>
        </test-method> <!-- terminate -->
      </class> <!-- Tests.OpenSignUp -->
    </test> <!-- Sprint1 -->
  </suite> <!-- Suite - AutomationExercise -->
</testng-results>
