<?xml version="1.0" encoding="UTF-8"?>
<!-- Generated by org.testng.reporters.JUnitXMLReporter -->
<testsuite ignored="4" hostname="DESKTOP-Q59R3VD" failures="1" tests="2" name="Sprint1" time="9.449" errors="0" timestamp="2023-03-02T21:03:04 EST">
  <testcase classname="febTestNg2023.Controler" name="@BeforeClass Synchronize" time="0.001">
    <failure type="java.lang.NullPointerException" message="Cannot invoke &amp;quot;org.openqa.selenium.WebDriver.manage()&amp;quot; because &amp;quot;this.driver&amp;quot; is null">
      <![CDATA[java.lang.NullPointerException: Cannot invoke "org.openqa.selenium.WebDriver.manage()" because "this.driver" is null
at febTestNg2023.Controler.Synchronize(Controler.java:67)
at java.base/java.util.ArrayList.forEach(ArrayList.java:1511)
... Removed 23 stack frames]]>
    </failure>
  </testcase> <!-- @BeforeClass Synchronize -->
  <testcase classname="febTestNg2023.Controler" name="@BeforeMethod BrowserConfig" time="-1.677808977541E9">
    <skipped/>
  </testcase> <!-- @BeforeMethod BrowserConfig -->
  <testcase classname="febTestNg2023.Controler" name="@AfterMethod validations" time="-1.677808977546E9">
    <skipped/>
  </testcase> <!-- @AfterMethod validations -->
  <testcase classname="Tests.OpenSignUp" name="testlogin" time="0.014">
    <failure type="java.lang.NullPointerException" message="Cannot invoke &amp;quot;Object.getClass()&amp;quot; because &amp;quot;page&amp;quot; is null">
      <![CDATA[java.lang.NullPointerException: Cannot invoke "Object.getClass()" because "page" is null
at org.openqa.selenium.support.PageFactory.initElements(PageFactory.java:103)
at org.openqa.selenium.support.PageFactory.initElements(PageFactory.java:92)
at org.openqa.selenium.support.PageFactory.initElements(PageFactory.java:79)
at febTestNg2023.Validations.<init>(Validations.java:23)
at Pages.SignIn.<init>(SignIn.java:23)
at Tests.OpenSignUp.testlogin(OpenSignUp.java:19)
at java.base/java.util.ArrayList.forEach(ArrayList.java:1511)
... Removed 25 stack frames]]>
    </failure>
  </testcase> <!-- testlogin -->
  <testcase classname="Tests.FillSignUpForm" name="testSignUp" time="0.0">
    <skipped/>
  </testcase> <!-- testSignUp -->
  <testcase classname="febTestNg2023.Controler" name="@AfterSuite terminate" time="0.0">
    <ignored/>
  </testcase> <!-- @AfterSuite terminate -->
  <testcase classname="febTestNg2023.Controler" name="@AfterTest BrowserClosing" time="0.0">
    <ignored/>
  </testcase> <!-- @AfterTest BrowserClosing -->
  <testcase classname="febTestNg2023.Controler" name="@BeforeSuite config" time="0.0">
    <ignored/>
  </testcase> <!-- @BeforeSuite config -->
  <testcase classname="febTestNg2023.Controler" name="@BeforeTest setup" time="0.0">
    <ignored/>
  </testcase> <!-- @BeforeTest setup -->
</testsuite> <!-- Sprint1 -->
